[debug] [2021-02-21T06:20:03.170Z] ----------------------------------------------------------------------
[debug] [2021-02-21T06:20:03.172Z] Command:       /Users/dev/.nodebrew/node/v12.13.0/bin/node /Users/dev/.nodebrew/node/v12.13.0/bin/firebase deploy --only hosting:icon-search-app
[debug] [2021-02-21T06:20:03.172Z] CLI Version:   9.4.0
[debug] [2021-02-21T06:20:03.172Z] Platform:      darwin
[debug] [2021-02-21T06:20:03.172Z] Node Version:  v12.13.0
[debug] [2021-02-21T06:20:03.173Z] Time:          Sun Feb 21 2021 15:20:03 GMT+0900 (GMT+09:00)
[debug] [2021-02-21T06:20:03.173Z] ----------------------------------------------------------------------
[debug] [2021-02-21T06:20:03.173Z] 
[debug] [2021-02-21T06:20:03.180Z] > command requires scopes: ["email","openid","https://www.googleapis.com/auth/cloudplatformprojects.readonly","https://www.googleapis.com/auth/firebase","https://www.googleapis.com/auth/cloud-platform"]
[debug] [2021-02-21T06:20:03.180Z] > authorizing via signed-in user
[debug] [2021-02-21T06:20:03.180Z] [iam] checking project icon-search-7d660 for permissions ["firebase.projects.get","firebasehosting.sites.update"]
[debug] [2021-02-21T06:20:03.182Z] > refreshing access token with scopes: ["email","https://www.googleapis.com/auth/cloud-platform","https://www.googleapis.com/auth/cloudplatformprojects.readonly","https://www.googleapis.com/auth/firebase","openid"]
[debug] [2021-02-21T06:20:03.182Z] >>> HTTP REQUEST POST https://www.googleapis.com/oauth2/v3/token  
 <request body omitted>
[debug] [2021-02-21T06:20:03.313Z] <<< HTTP RESPONSE 400 {"expires":"Mon, 01 Jan 1990 00:00:00 GMT","cache-control":"no-cache, no-store, max-age=0, must-revalidate","date":"Sun, 21 Feb 2021 06:20:03 GMT","pragma":"no-cache","content-type":"application/json; charset=utf-8","vary":"X-Origin, Referer, Origin,Accept-Encoding","server":"scaffolding on HTTPServer2","x-xss-protection":"0","x-frame-options":"SAMEORIGIN","x-content-type-options":"nosniff","alt-svc":"h3-29=\":443\"; ma=2592000,h3-T051=\":443\"; ma=2592000,h3-Q050=\":443\"; ma=2592000,h3-Q046=\":443\"; ma=2592000,h3-Q043=\":443\"; ma=2592000,quic=\":443\"; ma=2592000; v=\"46,43\"","accept-ranges":"none","transfer-encoding":"chunked"}
[debug] [2021-02-21T06:20:03.314Z] >>> HTTP REQUEST POST https://cloudresourcemanager.googleapis.com/v1/projects/icon-search-7d660:testIamPermissions  
 {"permissions":["firebase.projects.get","firebasehosting.sites.update"]}
[debug] [2021-02-21T06:20:04.091Z] <<< HTTP RESPONSE 401 {"www-authenticate":"Bearer realm=\"https://accounts.google.com/\", error=\"invalid_token\"","vary":"X-Origin, Referer, Origin,Accept-Encoding","content-type":"application/json; charset=UTF-8","date":"Sun, 21 Feb 2021 06:20:04 GMT","server":"ESF","cache-control":"private","x-xss-protection":"0","x-frame-options":"SAMEORIGIN","x-content-type-options":"nosniff","server-timing":"gfet4t7; dur=654","alt-svc":"h3-29=\":443\"; ma=2592000,h3-T051=\":443\"; ma=2592000,h3-Q050=\":443\"; ma=2592000,h3-Q046=\":443\"; ma=2592000,h3-Q043=\":443\"; ma=2592000,quic=\":443\"; ma=2592000; v=\"46,43\"","accept-ranges":"none","transfer-encoding":"chunked"}
[debug] [2021-02-21T06:20:04.091Z] <<< HTTP RESPONSE BODY {"error":{"code":401,"message":"Request had invalid authentication credentials. Expected OAuth 2 access token, login cookie or other valid authentication credential. See https://developers.google.com/identity/sign-in/web/devconsole-project.","status":"UNAUTHENTICATED"}}
[debug] [2021-02-21T06:20:04.092Z] [iam] error while checking permissions, command may fail: FirebaseError: HTTP Error: 401, Request had invalid authentication credentials. Expected OAuth 2 access token, login cookie or other valid authentication credential. See https://developers.google.com/identity/sign-in/web/devconsole-project.
[debug] [2021-02-21T06:20:04.092Z] > refreshing access token with scopes: []
[debug] [2021-02-21T06:20:04.093Z] >>> HTTP REQUEST POST https://www.googleapis.com/oauth2/v3/token  
 <request body omitted>
[debug] [2021-02-21T06:20:04.196Z] <<< HTTP RESPONSE 400 {"date":"Sun, 21 Feb 2021 06:20:04 GMT","pragma":"no-cache","cache-control":"no-cache, no-store, max-age=0, must-revalidate","expires":"Mon, 01 Jan 1990 00:00:00 GMT","content-type":"application/json; charset=utf-8","vary":"X-Origin, Referer, Origin,Accept-Encoding","server":"scaffolding on HTTPServer2","x-xss-protection":"0","x-frame-options":"SAMEORIGIN","x-content-type-options":"nosniff","alt-svc":"h3-29=\":443\"; ma=2592000,h3-T051=\":443\"; ma=2592000,h3-Q050=\":443\"; ma=2592000,h3-Q046=\":443\"; ma=2592000,h3-Q043=\":443\"; ma=2592000,quic=\":443\"; ma=2592000; v=\"46,43\"","accept-ranges":"none","transfer-encoding":"chunked"}
[debug] [2021-02-21T06:20:04.197Z] >>> [apiv2][query] GET https://firebase.googleapis.com/v1beta1/projects/icon-search-7d660 [none]
[debug] [2021-02-21T06:20:04.664Z] <<< [apiv2][status] GET https://firebase.googleapis.com/v1beta1/projects/icon-search-7d660 401
[debug] [2021-02-21T06:20:04.664Z] <<< [apiv2][body] GET https://firebase.googleapis.com/v1beta1/projects/icon-search-7d660 {"error":{"code":401,"message":"Request had invalid authentication credentials. Expected OAuth 2 access token, login cookie or other valid authentication credential. See https://developers.google.com/identity/sign-in/web/devconsole-project.","status":"UNAUTHENTICATED"}}
[debug] [2021-02-21T06:20:04.664Z] HTTP Error: 401, Request had invalid authentication credentials. Expected OAuth 2 access token, login cookie or other valid authentication credential. See https://developers.google.com/identity/sign-in/web/devconsole-project.
[debug] [2021-02-21T06:20:04.764Z] FirebaseError: HTTP Error: 401, Request had invalid authentication credentials. Expected OAuth 2 access token, login cookie or other valid authentication credential. See https://developers.google.com/identity/sign-in/web/devconsole-project.
    at module.exports (/Users/dev/.nodebrew/node/v12.13.0/lib/node_modules/firebase-tools/lib/responseToError.js:38:12)
    at Client.doRequest (/Users/dev/.nodebrew/node/v12.13.0/lib/node_modules/firebase-tools/lib/apiv2.js:238:23)
    at processTicksAndRejections (internal/process/task_queues.js:93:5)
    at async Client.request (/Users/dev/.nodebrew/node/v12.13.0/lib/node_modules/firebase-tools/lib/apiv2.js:96:20)
    at async Object.getFirebaseProject (/Users/dev/.nodebrew/node/v12.13.0/lib/node_modules/firebase-tools/lib/management/projects.js:289:21)
    at async Object.getDefaultHostingSite (/Users/dev/.nodebrew/node/v12.13.0/lib/node_modules/firebase-tools/lib/getDefaultHostingSite.js:8:21)
    at async requireHostingSite (/Users/dev/.nodebrew/node/v12.13.0/lib/node_modules/firebase-tools/lib/requireHostingSite.js:9:18)
    at async Object.fn (/Users/dev/.nodebrew/node/v12.13.0/lib/node_modules/firebase-tools/lib/commands/deploy.js:66:9)
    at async /Users/dev/.nodebrew/node/v12.13.0/lib/node_modules/firebase-tools/lib/command.js:161:17
[error] 
[error] Error: Failed to get Firebase project icon-search-7d660. Please make sure the project exists and your account has permission to access it.
